<?xml version="1.0" encoding="UTF-8"?>
<testng-results ignored="0" total="2" passed="2" failed="0" skipped="0">
  <reporter-output>
  </reporter-output>
  <suite started-at="2025-08-03T22:17:03 CEST" name="Default suite" finished-at="2025-08-03T22:17:23 CEST" duration-ms="20066">
    <groups>
    </groups>
    <test started-at="2025-08-03T22:17:03 CEST" name="Default test" finished-at="2025-08-03T22:17:23 CEST" duration-ms="20066">
      <class name="AppTests.AdvertiserdashboardTest">
        <test-method signature="Information_FieldsTA_846()[pri:0, instance:AppTests.AdvertiserdashboardTest@fba92d3]" started-at="2025-08-03T22:17:03 CEST" name="Information_FieldsTA_846" finished-at="2025-08-03T22:17:13 CEST" duration-ms="10357" status="PASS">
          <reporter-output>
          </reporter-output>
        </test-method> <!-- Information_FieldsTA_846 -->
        <test-method signature="VerifyLoginlogoutTA_817()[pri:0, instance:AppTests.AdvertiserdashboardTest@fba92d3]" started-at="2025-08-03T22:17:13 CEST" name="VerifyLoginlogoutTA_817" finished-at="2025-08-03T22:17:23 CEST" duration-ms="9664" status="PASS">
          <reporter-output>
          </reporter-output>
        </test-method> <!-- VerifyLoginlogoutTA_817 -->
      </class> <!-- AppTests.AdvertiserdashboardTest -->
    </test> <!-- Default test -->
  </suite> <!-- Default suite -->
</testng-results>
