<?xml version="1.0" encoding="UTF-8"?>
<testng-results ignored="0" total="1" passed="1" failed="0" skipped="0">
  <reporter-output>
  </reporter-output>
  <suite started-at="2025-07-25T20:51:56 CEST" name="Default suite" finished-at="2025-07-25T20:52:01 CEST" duration-ms="5507">
    <groups>
    </groups>
    <test started-at="2025-07-25T20:51:56 CEST" name="Default test" finished-at="2025-07-25T20:52:01 CEST" duration-ms="5507">
      <class name="AppTests.AdvertiserdashboardTest">
        <test-method signature="VerifyLoginlogoutTA_817()[pri:0, instance:AppTests.AdvertiserdashboardTest@67c33749]" started-at="2025-07-25T20:51:56 CEST" name="VerifyLoginlogoutTA_817" finished-at="2025-07-25T20:52:01 CEST" duration-ms="5465" status="PASS">
          <reporter-output>
          </reporter-output>
        </test-method> <!-- VerifyLoginlogoutTA_817 -->
      </class> <!-- AppTests.AdvertiserdashboardTest -->
    </test> <!-- Default test -->
  </suite> <!-- Default suite -->
</testng-results>
